<?xml version="1.0" encoding="UTF-8"?>
<testsuite xmlns:xsi="http://www.w3.org/2001/XMLSchema-instance" xsi:noNamespaceSchemaLocation="https://maven.apache.org/surefire/maven-surefire-plugin/xsd/surefire-test-report-3.0.xsd" version="3.0" name="TestSuite" time="9.675" tests="5" errors="0" skipped="0" failures="0">
  <properties>
[...]
</properties>
  <testcase name="runScenario[&quot;Login berhasil dengan akun yang terdaftar.&quot;, &quot;Test Case Login saucedemo&quot;](1)" classname="com.testing.runner.RunnerTest" time="1.889"/>
  <testcase name="runScenario[&quot;Login berhasil dengan akun yang terdaftar.&quot;, &quot;Test Case Login saucedemo&quot;](2)" classname="com.testing.runner.RunnerTest" time="0.112"/>
  <testcase name="runScenario[&quot;Login berhasil dengan akun yang terdaftar.&quot;, &quot;Test Case Login saucedemo&quot;](3)" classname="com.testing.runner.RunnerTest" time="0.086"/>
  <testcase name="runScenario[&quot;Login berhasil dengan akun yang terdaftar.&quot;, &quot;Test Case Login saucedemo&quot;](4)" classname="com.testing.runner.RunnerTest" time="0.081"/>
  <testcase name="runScenario[&quot;Login berhasil dengan akun yang terdaftar.&quot;, &quot;Test Case Login saucedemo&quot;](5)" classname="com.testing.runner.RunnerTest" time="0.108"/>
</testsuite>