<?xml version="1.0" encoding="UTF-8"?>
<!-- Generated by org.testng.reporters.JUnitReportReporter -->
<testsuite hostname="Asus" failures="0" tests="5" name="com.testing.runner.RunnerTest" time="2.277" errors="0" timestamp="2026-01-14T20:34:55 WIB" skipped="0">
  <testcase classname="com.testing.runner.RunnerTest" name="runScenario" time="0.086"/>
  <testcase classname="com.testing.runner.RunnerTest" name="runScenario" time="0.108"/>
  <testcase classname="com.testing.runner.RunnerTest" name="runScenario" time="1.890"/>
  <testcase classname="com.testing.runner.RunnerTest" name="runScenario" time="0.081"/>
  <testcase classname="com.testing.runner.RunnerTest" name="runScenario" time="0.112"/>
</testsuite> <!-- com.testing.runner.RunnerTest -->
